<?xml version="1.0" encoding="UTF-8"?>
<!-- Generated by org.testng.reporters.JUnitReportReporter -->
<testsuite skipped="0" hostname="LAPTOP-0DTKRKS3" name="org.wvs.vtiger.tests.TestHomePage" tests="1" failures="0" timestamp="13 Jul 2021 12:00:48 GMT" time="23.918" errors="0">
  <testcase name="test001verifyHomepage" time="23.918" classname="org.wvs.vtiger.tests.TestHomePage"/>
</testsuite> <!-- org.wvs.vtiger.tests.TestHomePage -->
