<?xml version="1.0" encoding="UTF-8"?>
<!-- Generated by org.testng.reporters.JUnitReportReporter -->
<testsuite skipped="0" hostname="LAPTOP-0DTKRKS3" name="org.wvs.vtiger.tests.TestLoginPage" tests="1" failures="0" timestamp="05 Aug 2021 11:06:19 GMT" time="39.353" errors="0">
  <testcase name="test001Loginpage" time="39.353" classname="org.wvs.vtiger.tests.TestLoginPage"/>
</testsuite> <!-- org.wvs.vtiger.tests.TestLoginPage -->
