<?xml version="1.0" encoding="UTF-8"?>
<!-- Generated by org.testng.reporters.JUnitReportReporter -->
<testsuite skipped="0" hostname="LAPTOP-0DTKRKS3" name="org.wvs.vtiger.tests.ValidateHomePage" tests="1" failures="0" timestamp="29 Jun 2021 10:55:29 GMT" time="24.611" errors="0">
  <testcase name="test001verifyHomepage" time="24.611" classname="org.wvs.vtiger.tests.ValidateHomePage"/>
</testsuite> <!-- org.wvs.vtiger.tests.ValidateHomePage -->
